<?xml version="1.0" encoding="UTF-8"?>
<coverage generated="1780835495905" clover="3.2.0">
  <project timestamp="1780835495905" name="All files">
    <metrics statements="111" coveredstatements="109" conditionals="48" coveredconditionals="42" methods="36" coveredmethods="33" elements="195" coveredelements="184" complexity="0" loc="111" ncloc="111" packages="4" files="11" classes="11"/>
    <package name="components">
      <metrics statements="43" coveredstatements="43" conditionals="26" coveredconditionals="22" methods="13" coveredmethods="13"/>
      <file name="ChatContainer.tsx" path="/Users/malu/.local/share/opencode/worktree/df8de1a5bfa315d764f69c7a30aaff4203ec7937/nimble-planet/personal-assistant-client/src/components/ChatContainer.tsx">
        <metrics statements="2" coveredstatements="2" conditionals="2" coveredconditionals="2" methods="1" coveredmethods="1"/>
        <line num="8" count="7" type="stmt"/>
        <line num="10" count="7" type="stmt"/>
      </file>
      <file name="ChatInput.tsx" path="/Users/malu/.local/share/opencode/worktree/df8de1a5bfa315d764f69c7a30aaff4203ec7937/nimble-planet/personal-assistant-client/src/components/ChatInput.tsx">
        <metrics statements="19" coveredstatements="19" conditionals="10" coveredconditionals="8" methods="5" coveredmethods="5"/>
        <line num="11" count="67" type="stmt"/>
        <line num="12" count="67" type="stmt"/>
        <line num="14" count="67" type="stmt"/>
        <line num="15" count="67" type="cond" truecount="2" falsecount="0"/>
        <line num="18" count="67" type="stmt"/>
        <line num="19" count="66" type="stmt"/>
        <line num="20" count="66" type="cond" truecount="1" falsecount="1"/>
        <line num="21" count="66" type="stmt"/>
        <line num="22" count="66" type="stmt"/>
        <line num="25" count="67" type="stmt"/>
        <line num="26" count="4" type="cond" truecount="1" falsecount="1"/>
        <line num="27" count="4" type="stmt"/>
        <line num="28" count="4" type="stmt"/>
        <line num="31" count="67" type="stmt"/>
        <line num="32" count="48" type="cond" truecount="4" falsecount="0"/>
        <line num="33" count="2" type="stmt"/>
        <line num="34" count="2" type="stmt"/>
        <line num="38" count="67" type="stmt"/>
        <line num="44" count="45" type="stmt"/>
      </file>
      <file name="LoginPlaceholder.tsx" path="/Users/malu/.local/share/opencode/worktree/df8de1a5bfa315d764f69c7a30aaff4203ec7937/nimble-planet/personal-assistant-client/src/components/LoginPlaceholder.tsx">
        <metrics statements="1" coveredstatements="1" conditionals="0" coveredconditionals="0" methods="1" coveredmethods="1"/>
        <line num="2" count="7" type="stmt"/>
      </file>
      <file name="MessageBubble.tsx" path="/Users/malu/.local/share/opencode/worktree/df8de1a5bfa315d764f69c7a30aaff4203ec7937/nimble-planet/personal-assistant-client/src/components/MessageBubble.tsx">
        <metrics statements="2" coveredstatements="2" conditionals="6" coveredconditionals="6" methods="1" coveredmethods="1"/>
        <line num="9" count="20" type="stmt"/>
        <line num="11" count="20" type="stmt"/>
      </file>
      <file name="MessageList.tsx" path="/Users/malu/.local/share/opencode/worktree/df8de1a5bfa315d764f69c7a30aaff4203ec7937/nimble-planet/personal-assistant-client/src/components/MessageList.tsx">
        <metrics statements="14" coveredstatements="14" conditionals="6" coveredconditionals="4" methods="4" coveredmethods="4"/>
        <line num="10" count="15" type="stmt"/>
        <line num="11" count="15" type="stmt"/>
        <line num="14" count="15" type="stmt"/>
        <line num="15" count="2" type="stmt"/>
        <line num="16" count="2" type="cond" truecount="1" falsecount="1"/>
        <line num="17" count="2" type="stmt"/>
        <line num="18" count="2" type="stmt"/>
        <line num="23" count="15" type="stmt"/>
        <line num="24" count="15" type="stmt"/>
        <line num="25" count="15" type="cond" truecount="1" falsecount="1"/>
        <line num="26" count="15" type="cond" truecount="2" falsecount="0"/>
        <line num="27" count="14" type="stmt"/>
        <line num="31" count="15" type="stmt"/>
        <line num="38" count="12" type="stmt"/>
      </file>
      <file name="StreamingText.tsx" path="/Users/malu/.local/share/opencode/worktree/df8de1a5bfa315d764f69c7a30aaff4203ec7937/nimble-planet/personal-assistant-client/src/components/StreamingText.tsx">
        <metrics statements="5" coveredstatements="5" conditionals="2" coveredconditionals="2" methods="1" coveredmethods="1"/>
        <line num="5" count="3" type="stmt"/>
        <line num="12" count="3" type="stmt"/>
        <line num="16" count="17" type="cond" truecount="2" falsecount="0"/>
        <line num="17" count="16" type="stmt"/>
        <line num="20" count="1" type="stmt"/>
      </file>
    </package>
    <package name="components.ui">
      <metrics statements="8" coveredstatements="6" conditionals="2" coveredconditionals="2" methods="6" coveredmethods="4"/>
      <file name="alert.tsx" path="/Users/malu/.local/share/opencode/worktree/df8de1a5bfa315d764f69c7a30aaff4203ec7937/nimble-planet/personal-assistant-client/src/components/ui/alert.tsx">
        <metrics statements="5" coveredstatements="3" conditionals="0" coveredconditionals="0" methods="4" coveredmethods="2"/>
        <line num="6" count="1" type="stmt"/>
        <line num="27" count="3" type="stmt"/>
        <line num="38" count="0" type="stmt"/>
        <line num="54" count="3" type="stmt"/>
        <line num="67" count="0" type="stmt"/>
      </file>
      <file name="button.tsx" path="/Users/malu/.local/share/opencode/worktree/df8de1a5bfa315d764f69c7a30aaff4203ec7937/nimble-planet/personal-assistant-client/src/components/ui/button.tsx">
        <metrics statements="2" coveredstatements="2" conditionals="2" coveredconditionals="2" methods="1" coveredmethods="1"/>
        <line num="6" count="2" type="stmt"/>
        <line num="49" count="67" type="stmt"/>
      </file>
      <file name="textarea.tsx" path="/Users/malu/.local/share/opencode/worktree/df8de1a5bfa315d764f69c7a30aaff4203ec7937/nimble-planet/personal-assistant-client/src/components/ui/textarea.tsx">
        <metrics statements="1" coveredstatements="1" conditionals="0" coveredconditionals="0" methods="1" coveredmethods="1"/>
        <line num="6" count="67" type="stmt"/>
      </file>
    </package>
    <package name="hooks">
      <metrics statements="59" coveredstatements="59" conditionals="20" coveredconditionals="18" methods="16" coveredmethods="15"/>
      <file name="useChat.ts" path="/Users/malu/.local/share/opencode/worktree/df8de1a5bfa315d764f69c7a30aaff4203ec7937/nimble-planet/personal-assistant-client/src/hooks/useChat.ts">
        <metrics statements="59" coveredstatements="59" conditionals="20" coveredconditionals="18" methods="16" coveredmethods="15"/>
        <line num="12" count="1" type="stmt"/>
        <line num="15" count="43" type="stmt"/>
        <line num="16" count="43" type="stmt"/>
        <line num="17" count="43" type="stmt"/>
        <line num="19" count="43" type="stmt"/>
        <line num="20" count="43" type="stmt"/>
        <line num="21" count="43" type="stmt"/>
        <line num="24" count="43" type="stmt"/>
        <line num="25" count="13" type="stmt"/>
        <line num="26" count="13" type="stmt"/>
        <line num="27" count="13" type="stmt"/>
        <line num="31" count="43" type="stmt"/>
        <line num="32" count="21" type="stmt"/>
        <line num="33" count="21" type="stmt"/>
        <line num="36" count="43" type="stmt"/>
        <line num="37" count="1" type="stmt"/>
        <line num="38" count="1" type="stmt"/>
        <line num="41" count="43" type="stmt"/>
        <line num="42" count="15" type="stmt"/>
        <line num="43" count="15" type="cond" truecount="2" falsecount="0"/>
        <line num="46" count="14" type="stmt"/>
        <line num="47" count="14" type="stmt"/>
        <line num="50" count="14" type="stmt"/>
        <line num="58" count="14" type="stmt"/>
        <line num="66" count="14" type="stmt"/>
        <line num="67" count="14" type="stmt"/>
        <line num="68" count="14" type="stmt"/>
        <line num="71" count="14" type="stmt"/>
        <line num="72" count="14" type="stmt"/>
        <line num="74" count="14" type="stmt"/>
        <line num="75" count="14" type="stmt"/>
        <line num="78" count="14" type="stmt"/>
        <line num="80" count="14" type="stmt"/>
        <line num="84" count="14" type="stmt"/>
        <line num="85" count="10" type="cond" truecount="1" falsecount="1"/>
        <line num="87" count="10" type="stmt"/>
        <line num="88" count="10" type="stmt"/>
        <line num="90" count="10" type="cond" truecount="2" falsecount="0"/>
        <line num="91" count="8" type="stmt"/>
        <line num="92" count="8" type="stmt"/>
        <line num="93" count="16" type="cond" truecount="2" falsecount="0"/>
        <line num="100" count="10" type="cond" truecount="2" falsecount="0"/>
        <line num="101" count="2" type="stmt"/>
        <line num="102" count="2" type="stmt"/>
        <line num="103" count="2" type="stmt"/>
        <line num="104" count="2" type="stmt"/>
        <line num="105" count="2" type="stmt"/>
        <line num="106" count="4" type="cond" truecount="2" falsecount="0"/>
        <line num="117" count="14" type="stmt"/>
        <line num="118" count="15" type="cond" truecount="1" falsecount="1"/>
        <line num="120" count="15" type="stmt"/>
        <line num="122" count="15" type="cond" truecount="2" falsecount="0"/>
        <line num="123" count="5" type="stmt"/>
        <line num="124" count="5" type="stmt"/>
        <line num="127" count="5" type="stmt"/>
        <line num="128" count="5" type="stmt"/>
        <line num="129" count="10" type="cond" truecount="4" falsecount="0"/>
        <line num="134" count="5" type="stmt"/>
        <line num="139" count="43" type="stmt"/>
      </file>
    </package>
    <package name="lib">
      <metrics statements="1" coveredstatements="1" conditionals="0" coveredconditionals="0" methods="1" coveredmethods="1"/>
      <file name="utils.ts" path="/Users/malu/.local/share/opencode/worktree/df8de1a5bfa315d764f69c7a30aaff4203ec7937/nimble-planet/personal-assistant-client/src/lib/utils.ts">
        <metrics statements="1" coveredstatements="1" conditionals="0" coveredconditionals="0" methods="1" coveredmethods="1"/>
        <line num="5" count="140" type="stmt"/>
      </file>
    </package>
  </project>
</coverage>
