<?xml version="1.0" encoding="UTF-8"?>
<coverage generated="1780829904930" clover="3.2.0">
  <project timestamp="1780829904930" name="All files">
    <metrics statements="99" coveredstatements="99" conditionals="44" coveredconditionals="38" methods="27" coveredmethods="26" elements="170" coveredelements="163" complexity="0" loc="99" ncloc="99" packages="2" files="5" classes="5"/>
    <package name="components">
      <metrics statements="40" coveredstatements="40" conditionals="24" coveredconditionals="20" methods="11" coveredmethods="11"/>
      <file name="ChatInput.tsx" path="/Users/malu/.local/share/opencode/worktree/df8de1a5bfa315d764f69c7a30aaff4203ec7937/nimble-planet/personal-assistant-client/src/components/ChatInput.tsx">
        <metrics statements="19" coveredstatements="19" conditionals="10" coveredconditionals="8" methods="5" coveredmethods="5"/>
        <line num="9" count="60" type="stmt"/>
        <line num="10" count="60" type="stmt"/>
        <line num="12" count="60" type="stmt"/>
        <line num="13" count="60" type="cond" truecount="2" falsecount="0"/>
        <line num="16" count="60" type="stmt"/>
        <line num="17" count="60" type="stmt"/>
        <line num="18" count="60" type="cond" truecount="1" falsecount="1"/>
        <line num="19" count="60" type="stmt"/>
        <line num="20" count="60" type="stmt"/>
        <line num="23" count="60" type="stmt"/>
        <line num="24" count="4" type="cond" truecount="1" falsecount="1"/>
        <line num="25" count="4" type="stmt"/>
        <line num="26" count="4" type="stmt"/>
        <line num="29" count="60" type="stmt"/>
        <line num="30" count="48" type="cond" truecount="4" falsecount="0"/>
        <line num="31" count="2" type="stmt"/>
        <line num="32" count="2" type="stmt"/>
        <line num="36" count="60" type="stmt"/>
        <line num="42" count="45" type="stmt"/>
      </file>
      <file name="MessageBubble.tsx" path="/Users/malu/.local/share/opencode/worktree/df8de1a5bfa315d764f69c7a30aaff4203ec7937/nimble-planet/personal-assistant-client/src/components/MessageBubble.tsx">
        <metrics statements="2" coveredstatements="2" conditionals="6" coveredconditionals="6" methods="1" coveredmethods="1"/>
        <line num="9" count="20" type="stmt"/>
        <line num="11" count="20" type="stmt"/>
      </file>
      <file name="MessageList.tsx" path="/Users/malu/.local/share/opencode/worktree/df8de1a5bfa315d764f69c7a30aaff4203ec7937/nimble-planet/personal-assistant-client/src/components/MessageList.tsx">
        <metrics statements="14" coveredstatements="14" conditionals="6" coveredconditionals="4" methods="4" coveredmethods="4"/>
        <line num="10" count="8" type="stmt"/>
        <line num="11" count="8" type="stmt"/>
        <line num="14" count="8" type="stmt"/>
        <line num="15" count="2" type="stmt"/>
        <line num="16" count="2" type="cond" truecount="1" falsecount="1"/>
        <line num="17" count="2" type="stmt"/>
        <line num="18" count="2" type="stmt"/>
        <line num="23" count="8" type="stmt"/>
        <line num="24" count="8" type="stmt"/>
        <line num="25" count="8" type="cond" truecount="1" falsecount="1"/>
        <line num="26" count="8" type="cond" truecount="2" falsecount="0"/>
        <line num="27" count="7" type="stmt"/>
        <line num="31" count="8" type="stmt"/>
        <line num="38" count="12" type="stmt"/>
      </file>
      <file name="StreamingText.tsx" path="/Users/malu/.local/share/opencode/worktree/df8de1a5bfa315d764f69c7a30aaff4203ec7937/nimble-planet/personal-assistant-client/src/components/StreamingText.tsx">
        <metrics statements="5" coveredstatements="5" conditionals="2" coveredconditionals="2" methods="1" coveredmethods="1"/>
        <line num="5" count="2" type="stmt"/>
        <line num="12" count="2" type="stmt"/>
        <line num="16" count="17" type="cond" truecount="2" falsecount="0"/>
        <line num="17" count="16" type="stmt"/>
        <line num="20" count="1" type="stmt"/>
      </file>
    </package>
    <package name="hooks">
      <metrics statements="59" coveredstatements="59" conditionals="20" coveredconditionals="18" methods="16" coveredmethods="15"/>
      <file name="useChat.ts" path="/Users/malu/.local/share/opencode/worktree/df8de1a5bfa315d764f69c7a30aaff4203ec7937/nimble-planet/personal-assistant-client/src/hooks/useChat.ts">
        <metrics statements="59" coveredstatements="59" conditionals="20" coveredconditionals="18" methods="16" coveredmethods="15"/>
        <line num="12" count="1" type="stmt"/>
        <line num="15" count="43" type="stmt"/>
        <line num="16" count="43" type="stmt"/>
        <line num="17" count="43" type="stmt"/>
        <line num="19" count="43" type="stmt"/>
        <line num="20" count="43" type="stmt"/>
        <line num="21" count="43" type="stmt"/>
        <line num="24" count="43" type="stmt"/>
        <line num="25" count="13" type="stmt"/>
        <line num="26" count="13" type="stmt"/>
        <line num="27" count="13" type="stmt"/>
        <line num="31" count="43" type="stmt"/>
        <line num="32" count="21" type="stmt"/>
        <line num="33" count="21" type="stmt"/>
        <line num="36" count="43" type="stmt"/>
        <line num="37" count="1" type="stmt"/>
        <line num="38" count="1" type="stmt"/>
        <line num="41" count="43" type="stmt"/>
        <line num="42" count="15" type="stmt"/>
        <line num="43" count="15" type="cond" truecount="2" falsecount="0"/>
        <line num="46" count="14" type="stmt"/>
        <line num="47" count="14" type="stmt"/>
        <line num="50" count="14" type="stmt"/>
        <line num="58" count="14" type="stmt"/>
        <line num="66" count="14" type="stmt"/>
        <line num="67" count="14" type="stmt"/>
        <line num="68" count="14" type="stmt"/>
        <line num="71" count="14" type="stmt"/>
        <line num="72" count="14" type="stmt"/>
        <line num="74" count="14" type="stmt"/>
        <line num="75" count="14" type="stmt"/>
        <line num="78" count="14" type="stmt"/>
        <line num="80" count="14" type="stmt"/>
        <line num="84" count="14" type="stmt"/>
        <line num="85" count="10" type="cond" truecount="1" falsecount="1"/>
        <line num="87" count="10" type="stmt"/>
        <line num="88" count="10" type="stmt"/>
        <line num="90" count="10" type="cond" truecount="2" falsecount="0"/>
        <line num="91" count="8" type="stmt"/>
        <line num="92" count="8" type="stmt"/>
        <line num="93" count="16" type="cond" truecount="2" falsecount="0"/>
        <line num="100" count="10" type="cond" truecount="2" falsecount="0"/>
        <line num="101" count="2" type="stmt"/>
        <line num="102" count="2" type="stmt"/>
        <line num="103" count="2" type="stmt"/>
        <line num="104" count="2" type="stmt"/>
        <line num="105" count="2" type="stmt"/>
        <line num="106" count="4" type="cond" truecount="2" falsecount="0"/>
        <line num="117" count="14" type="stmt"/>
        <line num="118" count="15" type="cond" truecount="1" falsecount="1"/>
        <line num="120" count="15" type="stmt"/>
        <line num="122" count="15" type="cond" truecount="2" falsecount="0"/>
        <line num="123" count="5" type="stmt"/>
        <line num="124" count="5" type="stmt"/>
        <line num="127" count="5" type="stmt"/>
        <line num="128" count="5" type="stmt"/>
        <line num="129" count="10" type="cond" truecount="4" falsecount="0"/>
        <line num="134" count="5" type="stmt"/>
        <line num="139" count="43" type="stmt"/>
      </file>
    </package>
  </project>
</coverage>
