{"/Users/malu/.local/share/opencode/worktree/df8de1a5bfa315d764f69c7a30aaff4203ec7937/nimble-planet/personal-assistant-client/src/components/ChatContainer.tsx": {"path":"/Users/malu/.local/share/opencode/worktree/df8de1a5bfa315d764f69c7a30aaff4203ec7937/nimble-planet/personal-assistant-client/src/components/ChatContainer.tsx","statementMap":{"0":{"start":{"line":8,"column":64},"end":{"line":8,"column":null}},"1":{"start":{"line":10,"column":2},"end":{"line":30,"column":null}}},"fnMap":{"0":{"name":"ChatContainer","decl":{"start":{"line":7,"column":16},"end":{"line":7,"column":32}},"loc":{"start":{"line":7,"column":32},"end":{"line":32,"column":null}},"line":7}},"branchMap":{"0":{"loc":{"start":{"line":20,"column":7},"end":{"line":26,"column":null}},"type":"binary-expr","locations":[{"start":{"line":20,"column":7},"end":{"line":20,"column":null}},{"start":{"line":21,"column":8},"end":{"line":26,"column":null}}],"line":20}},"s":{"0":7,"1":7},"f":{"0":7},"b":{"0":[7,3]},"meta":{"lastBranch":1,"lastFunction":1,"lastStatement":2,"seen":{"f:7:16:7:32":0,"s:8:64:8:Infinity":0,"s:10:2:30:Infinity":1,"b:20:7:20:Infinity:21:8:26:Infinity":0}}}
,"/Users/malu/.local/share/opencode/worktree/df8de1a5bfa315d764f69c7a30aaff4203ec7937/nimble-planet/personal-assistant-client/src/components/ChatInput.tsx": {"path":"/Users/malu/.local/share/opencode/worktree/df8de1a5bfa315d764f69c7a30aaff4203ec7937/nimble-planet/personal-assistant-client/src/components/ChatInput.tsx","statementMap":{"0":{"start":{"line":11,"column":24},"end":{"line":11,"column":null}},"1":{"start":{"line":12,"column":8},"end":{"line":12,"column":null}},"2":{"start":{"line":14,"column":18},"end":{"line":14,"column":null}},"3":{"start":{"line":15,"column":25},"end":{"line":15,"column":null}},"4":{"start":{"line":18,"column":2},"end":{"line":23,"column":null}},"5":{"start":{"line":19,"column":15},"end":{"line":19,"column":null}},"6":{"start":{"line":20,"column":4},"end":{"line":20,"column":null}},"7":{"start":{"line":20,"column":13},"end":{"line":20,"column":null}},"8":{"start":{"line":21,"column":4},"end":{"line":21,"column":null}},"9":{"start":{"line":22,"column":4},"end":{"line":22,"column":null}},"10":{"start":{"line":25,"column":8},"end":{"line":29,"column":null}},"11":{"start":{"line":26,"column":4},"end":{"line":26,"column":null}},"12":{"start":{"line":26,"column":24},"end":{"line":26,"column":null}},"13":{"start":{"line":27,"column":4},"end":{"line":27,"column":null}},"14":{"start":{"line":28,"column":4},"end":{"line":28,"column":null}},"15":{"start":{"line":31,"column":24},"end":{"line":36,"column":null}},"16":{"start":{"line":32,"column":4},"end":{"line":35,"column":null}},"17":{"start":{"line":33,"column":6},"end":{"line":33,"column":null}},"18":{"start":{"line":34,"column":6},"end":{"line":34,"column":null}},"19":{"start":{"line":38,"column":2},"end":{"line":60,"column":null}},"20":{"start":{"line":44,"column":25},"end":{"line":44,"column":null}}},"fnMap":{"0":{"name":"ChatInput","decl":{"start":{"line":10,"column":16},"end":{"line":10,"column":26}},"loc":{"start":{"line":10,"column":64},"end":{"line":62,"column":null}},"line":10},"1":{"name":"(anonymous_1)","decl":{"start":{"line":18,"column":12},"end":{"line":18,"column":18}},"loc":{"start":{"line":18,"column":18},"end":{"line":23,"column":5}},"line":18},"2":{"name":"(anonymous_2)","decl":{"start":{"line":25,"column":33},"end":{"line":25,"column":39}},"loc":{"start":{"line":25,"column":39},"end":{"line":29,"column":5}},"line":25},"3":{"name":"(anonymous_3)","decl":{"start":{"line":31,"column":24},"end":{"line":31,"column":25}},"loc":{"start":{"line":31,"column":67},"end":{"line":36,"column":null}},"line":31},"4":{"name":"(anonymous_4)","decl":{"start":{"line":44,"column":20},"end":{"line":44,"column":25}},"loc":{"start":{"line":44,"column":25},"end":{"line":44,"column":null}},"line":44}},"branchMap":{"0":{"loc":{"start":{"line":15,"column":25},"end":{"line":15,"column":null}},"type":"binary-expr","locations":[{"start":{"line":15,"column":25},"end":{"line":15,"column":37}},{"start":{"line":15,"column":37},"end":{"line":15,"column":null}}],"line":15},"1":{"loc":{"start":{"line":20,"column":4},"end":{"line":20,"column":null}},"type":"if","locations":[{"start":{"line":20,"column":4},"end":{"line":20,"column":null}},{"start":{},"end":{}}],"line":20},"2":{"loc":{"start":{"line":26,"column":4},"end":{"line":26,"column":null}},"type":"if","locations":[{"start":{"line":26,"column":4},"end":{"line":26,"column":null}},{"start":{},"end":{}}],"line":26},"3":{"loc":{"start":{"line":32,"column":4},"end":{"line":35,"column":null}},"type":"if","locations":[{"start":{"line":32,"column":4},"end":{"line":35,"column":null}},{"start":{},"end":{}}],"line":32},"4":{"loc":{"start":{"line":32,"column":8},"end":{"line":32,"column":42}},"type":"binary-expr","locations":[{"start":{"line":32,"column":8},"end":{"line":32,"column":29}},{"start":{"line":32,"column":29},"end":{"line":32,"column":42}}],"line":32}},"s":{"0":67,"1":67,"2":67,"3":67,"4":67,"5":66,"6":66,"7":0,"8":66,"9":66,"10":67,"11":4,"12":0,"13":4,"14":4,"15":67,"16":48,"17":2,"18":2,"19":67,"20":45},"f":{"0":67,"1":66,"2":4,"3":48,"4":45},"b":{"0":[67,65],"1":[0,66],"2":[0,4],"3":[2,46],"4":[48,3]},"meta":{"lastBranch":5,"lastFunction":5,"lastStatement":21,"seen":{"f:10:16:10:26":0,"s:11:24:11:Infinity":0,"s:12:8:12:Infinity":1,"s:14:18:14:Infinity":2,"s:15:25:15:Infinity":3,"b:15:25:15:37:15:37:15:Infinity":0,"s:18:2:23:Infinity":4,"f:18:12:18:18":1,"s:19:15:19:Infinity":5,"b:20:4:20:Infinity:undefined:undefined:undefined:undefined":1,"s:20:4:20:Infinity":6,"s:20:13:20:Infinity":7,"s:21:4:21:Infinity":8,"s:22:4:22:Infinity":9,"s:25:8:29:Infinity":10,"f:25:33:25:39":2,"b:26:4:26:Infinity:undefined:undefined:undefined:undefined":2,"s:26:4:26:Infinity":11,"s:26:24:26:Infinity":12,"s:27:4:27:Infinity":13,"s:28:4:28:Infinity":14,"s:31:24:36:Infinity":15,"f:31:24:31:25":3,"b:32:4:35:Infinity:undefined:undefined:undefined:undefined":3,"s:32:4:35:Infinity":16,"b:32:8:32:29:32:29:32:42":4,"s:33:6:33:Infinity":17,"s:34:6:34:Infinity":18,"s:38:2:60:Infinity":19,"f:44:20:44:25":4,"s:44:25:44:Infinity":20}}}
,"/Users/malu/.local/share/opencode/worktree/df8de1a5bfa315d764f69c7a30aaff4203ec7937/nimble-planet/personal-assistant-client/src/components/LoginPlaceholder.tsx": {"path":"/Users/malu/.local/share/opencode/worktree/df8de1a5bfa315d764f69c7a30aaff4203ec7937/nimble-planet/personal-assistant-client/src/components/LoginPlaceholder.tsx","statementMap":{"0":{"start":{"line":2,"column":2},"end":{"line":8,"column":null}}},"fnMap":{"0":{"name":"LoginPlaceholder","decl":{"start":{"line":1,"column":16},"end":{"line":1,"column":35}},"loc":{"start":{"line":1,"column":35},"end":{"line":10,"column":null}},"line":1}},"branchMap":{},"s":{"0":7},"f":{"0":7},"b":{},"meta":{"lastBranch":0,"lastFunction":1,"lastStatement":1,"seen":{"f:1:16:1:35":0,"s:2:2:8:Infinity":0}}}
,"/Users/malu/.local/share/opencode/worktree/df8de1a5bfa315d764f69c7a30aaff4203ec7937/nimble-planet/personal-assistant-client/src/components/MessageBubble.tsx": {"path":"/Users/malu/.local/share/opencode/worktree/df8de1a5bfa315d764f69c7a30aaff4203ec7937/nimble-planet/personal-assistant-client/src/components/MessageBubble.tsx","statementMap":{"0":{"start":{"line":9,"column":17},"end":{"line":9,"column":null}},"1":{"start":{"line":11,"column":2},"end":{"line":25,"column":null}}},"fnMap":{"0":{"name":"MessageBubble","decl":{"start":{"line":8,"column":16},"end":{"line":8,"column":30}},"loc":{"start":{"line":8,"column":63},"end":{"line":27,"column":null}},"line":8}},"branchMap":{"0":{"loc":{"start":{"line":12,"column":42},"end":{"line":12,"column":78}},"type":"cond-expr","locations":[{"start":{"line":12,"column":51},"end":{"line":12,"column":65}},{"start":{"line":12,"column":65},"end":{"line":12,"column":78}}],"line":12},"1":{"loc":{"start":{"line":15,"column":10},"end":{"line":17,"column":null}},"type":"cond-expr","locations":[{"start":{"line":16,"column":14},"end":{"line":16,"column":null}},{"start":{"line":17,"column":14},"end":{"line":17,"column":null}}],"line":15},"2":{"loc":{"start":{"line":22,"column":23},"end":{"line":22,"column":null}},"type":"binary-expr","locations":[{"start":{"line":22,"column":23},"end":{"line":22,"column":46}},{"start":{"line":22,"column":46},"end":{"line":22,"column":null}}],"line":22}},"s":{"0":20,"1":20},"f":{"0":20},"b":{"0":[11,9],"1":[11,9],"2":[20,18]},"meta":{"lastBranch":3,"lastFunction":1,"lastStatement":2,"seen":{"f:8:16:8:30":0,"s:9:17:9:Infinity":0,"s:11:2:25:Infinity":1,"b:12:51:12:65:12:65:12:78":0,"b:16:14:16:Infinity:17:14:17:Infinity":1,"b:22:23:22:46:22:46:22:Infinity":2}}}
,"/Users/malu/.local/share/opencode/worktree/df8de1a5bfa315d764f69c7a30aaff4203ec7937/nimble-planet/personal-assistant-client/src/components/MessageList.tsx": {"path":"/Users/malu/.local/share/opencode/worktree/df8de1a5bfa315d764f69c7a30aaff4203ec7937/nimble-planet/personal-assistant-client/src/components/MessageList.tsx","statementMap":{"0":{"start":{"line":10,"column":8},"end":{"line":10,"column":null}},"1":{"start":{"line":11,"column":8},"end":{"line":11,"column":null}},"2":{"start":{"line":14,"column":23},"end":{"line":20,"column":null}},"3":{"start":{"line":15,"column":15},"end":{"line":15,"column":null}},"4":{"start":{"line":16,"column":4},"end":{"line":16,"column":null}},"5":{"start":{"line":16,"column":13},"end":{"line":16,"column":null}},"6":{"start":{"line":17,"column":22},"end":{"line":17,"column":null}},"7":{"start":{"line":18,"column":4},"end":{"line":19,"column":null}},"8":{"start":{"line":23,"column":2},"end":{"line":29,"column":null}},"9":{"start":{"line":24,"column":15},"end":{"line":24,"column":null}},"10":{"start":{"line":25,"column":4},"end":{"line":25,"column":null}},"11":{"start":{"line":25,"column":13},"end":{"line":25,"column":null}},"12":{"start":{"line":26,"column":4},"end":{"line":28,"column":null}},"13":{"start":{"line":27,"column":6},"end":{"line":27,"column":null}},"14":{"start":{"line":31,"column":2},"end":{"line":40,"column":null}},"15":{"start":{"line":38,"column":8},"end":{"line":38,"column":null}}},"fnMap":{"0":{"name":"MessageList","decl":{"start":{"line":9,"column":16},"end":{"line":9,"column":28}},"loc":{"start":{"line":9,"column":60},"end":{"line":42,"column":null}},"line":9},"1":{"name":"(anonymous_1)","decl":{"start":{"line":14,"column":23},"end":{"line":14,"column":29}},"loc":{"start":{"line":14,"column":29},"end":{"line":20,"column":null}},"line":14},"2":{"name":"(anonymous_2)","decl":{"start":{"line":23,"column":12},"end":{"line":23,"column":18}},"loc":{"start":{"line":23,"column":18},"end":{"line":29,"column":5}},"line":23},"3":{"name":"(anonymous_3)","decl":{"start":{"line":37,"column":20},"end":{"line":37,"column":null}},"loc":{"start":{"line":38,"column":8},"end":{"line":38,"column":null}},"line":38}},"branchMap":{"0":{"loc":{"start":{"line":16,"column":4},"end":{"line":16,"column":null}},"type":"if","locations":[{"start":{"line":16,"column":4},"end":{"line":16,"column":null}},{"start":{},"end":{}}],"line":16},"1":{"loc":{"start":{"line":25,"column":4},"end":{"line":25,"column":null}},"type":"if","locations":[{"start":{"line":25,"column":4},"end":{"line":25,"column":null}},{"start":{},"end":{}}],"line":25},"2":{"loc":{"start":{"line":26,"column":4},"end":{"line":28,"column":null}},"type":"if","locations":[{"start":{"line":26,"column":4},"end":{"line":28,"column":null}},{"start":{},"end":{}}],"line":26}},"s":{"0":15,"1":15,"2":15,"3":2,"4":2,"5":0,"6":2,"7":2,"8":15,"9":15,"10":15,"11":0,"12":15,"13":14,"14":15,"15":12},"f":{"0":15,"1":2,"2":15,"3":12},"b":{"0":[0,2],"1":[0,15],"2":[14,1]},"meta":{"lastBranch":3,"lastFunction":4,"lastStatement":16,"seen":{"f:9:16:9:28":0,"s:10:8:10:Infinity":0,"s:11:8:11:Infinity":1,"s:14:23:20:Infinity":2,"f:14:23:14:29":1,"s:15:15:15:Infinity":3,"b:16:4:16:Infinity:undefined:undefined:undefined:undefined":0,"s:16:4:16:Infinity":4,"s:16:13:16:Infinity":5,"s:17:22:17:Infinity":6,"s:18:4:19:Infinity":7,"s:23:2:29:Infinity":8,"f:23:12:23:18":2,"s:24:15:24:Infinity":9,"b:25:4:25:Infinity:undefined:undefined:undefined:undefined":1,"s:25:4:25:Infinity":10,"s:25:13:25:Infinity":11,"b:26:4:28:Infinity:undefined:undefined:undefined:undefined":2,"s:26:4:28:Infinity":12,"s:27:6:27:Infinity":13,"s:31:2:40:Infinity":14,"f:37:20:37:Infinity":3,"s:38:8:38:Infinity":15}}}
,"/Users/malu/.local/share/opencode/worktree/df8de1a5bfa315d764f69c7a30aaff4203ec7937/nimble-planet/personal-assistant-client/src/components/StreamingText.tsx": {"path":"/Users/malu/.local/share/opencode/worktree/df8de1a5bfa315d764f69c7a30aaff4203ec7937/nimble-planet/personal-assistant-client/src/components/StreamingText.tsx","statementMap":{"0":{"start":{"line":5,"column":22},"end":{"line":5,"column":null}},"1":{"start":{"line":12,"column":13},"end":{"line":26,"column":null}},"2":{"start":{"line":16,"column":2},"end":{"line":18,"column":null}},"3":{"start":{"line":17,"column":4},"end":{"line":17,"column":null}},"4":{"start":{"line":20,"column":2},"end":{"line":24,"column":null}}},"fnMap":{"0":{"name":"StreamingText2","decl":{"start":{"line":12,"column":43},"end":{"line":12,"column":57}},"loc":{"start":{"line":15,"column":23},"end":{"line":26,"column":1}},"line":15}},"branchMap":{"0":{"loc":{"start":{"line":16,"column":2},"end":{"line":18,"column":null}},"type":"if","locations":[{"start":{"line":16,"column":2},"end":{"line":18,"column":null}},{"start":{},"end":{}}],"line":16}},"s":{"0":3,"1":3,"2":17,"3":16,"4":1},"f":{"0":17},"b":{"0":[16,1]},"meta":{"lastBranch":1,"lastFunction":1,"lastStatement":5,"seen":{"s:5:22:5:Infinity":0,"s:12:13:26:Infinity":1,"f:12:43:12:57":0,"b:16:2:18:Infinity:undefined:undefined:undefined:undefined":0,"s:16:2:18:Infinity":2,"s:17:4:17:Infinity":3,"s:20:2:24:Infinity":4}}}
,"/Users/malu/.local/share/opencode/worktree/df8de1a5bfa315d764f69c7a30aaff4203ec7937/nimble-planet/personal-assistant-client/src/components/ui/alert.tsx": {"path":"/Users/malu/.local/share/opencode/worktree/df8de1a5bfa315d764f69c7a30aaff4203ec7937/nimble-planet/personal-assistant-client/src/components/ui/alert.tsx","statementMap":{"0":{"start":{"line":6,"column":6},"end":{"line":20,"column":null}},"1":{"start":{"line":27,"column":2},"end":{"line":33,"column":null}},"2":{"start":{"line":38,"column":2},"end":{"line":46,"column":null}},"3":{"start":{"line":54,"column":2},"end":{"line":62,"column":null}},"4":{"start":{"line":67,"column":2},"end":{"line":72,"column":null}}},"fnMap":{"0":{"name":"Alert","decl":{"start":{"line":22,"column":9},"end":{"line":22,"column":15}},"loc":{"start":{"line":26,"column":69},"end":{"line":35,"column":null}},"line":26},"1":{"name":"AlertTitle","decl":{"start":{"line":37,"column":9},"end":{"line":37,"column":20}},"loc":{"start":{"line":37,"column":74},"end":{"line":48,"column":null}},"line":37},"2":{"name":"AlertDescription","decl":{"start":{"line":50,"column":9},"end":{"line":50,"column":26}},"loc":{"start":{"line":53,"column":32},"end":{"line":64,"column":null}},"line":53},"3":{"name":"AlertAction","decl":{"start":{"line":66,"column":9},"end":{"line":66,"column":21}},"loc":{"start":{"line":66,"column":75},"end":{"line":74,"column":null}},"line":66}},"branchMap":{},"s":{"0":1,"1":3,"2":0,"3":3,"4":0},"f":{"0":3,"1":0,"2":3,"3":0},"b":{},"meta":{"lastBranch":0,"lastFunction":4,"lastStatement":5,"seen":{"s:6:6:20:Infinity":0,"f:22:9:22:15":0,"s:27:2:33:Infinity":1,"f:37:9:37:20":1,"s:38:2:46:Infinity":2,"f:50:9:50:26":2,"s:54:2:62:Infinity":3,"f:66:9:66:21":3,"s:67:2:72:Infinity":4}}}
,"/Users/malu/.local/share/opencode/worktree/df8de1a5bfa315d764f69c7a30aaff4203ec7937/nimble-planet/personal-assistant-client/src/components/ui/button.tsx": {"path":"/Users/malu/.local/share/opencode/worktree/df8de1a5bfa315d764f69c7a30aaff4203ec7937/nimble-planet/personal-assistant-client/src/components/ui/button.tsx","statementMap":{"0":{"start":{"line":6,"column":6},"end":{"line":41,"column":null}},"1":{"start":{"line":49,"column":2},"end":{"line":54,"column":null}}},"fnMap":{"0":{"name":"Button","decl":{"start":{"line":43,"column":9},"end":{"line":43,"column":16}},"loc":{"start":{"line":48,"column":64},"end":{"line":56,"column":null}},"line":48}},"branchMap":{"0":{"loc":{"start":{"line":45,"column":2},"end":{"line":45,"column":null}},"type":"default-arg","locations":[{"start":{"line":45,"column":12},"end":{"line":45,"column":null}}],"line":45},"1":{"loc":{"start":{"line":46,"column":2},"end":{"line":46,"column":null}},"type":"default-arg","locations":[{"start":{"line":46,"column":9},"end":{"line":46,"column":null}}],"line":46}},"s":{"0":2,"1":67},"f":{"0":67},"b":{"0":[67],"1":[67]},"meta":{"lastBranch":2,"lastFunction":1,"lastStatement":2,"seen":{"s:6:6:41:Infinity":0,"f:43:9:43:16":0,"b:45:12:45:Infinity":0,"b:46:9:46:Infinity":1,"s:49:2:54:Infinity":1}}}
,"/Users/malu/.local/share/opencode/worktree/df8de1a5bfa315d764f69c7a30aaff4203ec7937/nimble-planet/personal-assistant-client/src/components/ui/textarea.tsx": {"path":"/Users/malu/.local/share/opencode/worktree/df8de1a5bfa315d764f69c7a30aaff4203ec7937/nimble-planet/personal-assistant-client/src/components/ui/textarea.tsx","statementMap":{"0":{"start":{"line":6,"column":2},"end":{"line":14,"column":null}}},"fnMap":{"0":{"name":"Textarea","decl":{"start":{"line":5,"column":9},"end":{"line":5,"column":18}},"loc":{"start":{"line":5,"column":77},"end":{"line":16,"column":null}},"line":5}},"branchMap":{},"s":{"0":67},"f":{"0":67},"b":{},"meta":{"lastBranch":0,"lastFunction":1,"lastStatement":1,"seen":{"f:5:9:5:18":0,"s:6:2:14:Infinity":0}}}
,"/Users/malu/.local/share/opencode/worktree/df8de1a5bfa315d764f69c7a30aaff4203ec7937/nimble-planet/personal-assistant-client/src/hooks/useChat.ts": {"path":"/Users/malu/.local/share/opencode/worktree/df8de1a5bfa315d764f69c7a30aaff4203ec7937/nimble-planet/personal-assistant-client/src/hooks/useChat.ts","statementMap":{"0":{"start":{"line":12,"column":20},"end":{"line":12,"column":null}},"1":{"start":{"line":15,"column":30},"end":{"line":15,"column":null}},"2":{"start":{"line":16,"column":36},"end":{"line":16,"column":null}},"3":{"start":{"line":17,"column":24},"end":{"line":17,"column":null}},"4":{"start":{"line":19,"column":8},"end":{"line":19,"column":null}},"5":{"start":{"line":20,"column":8},"end":{"line":20,"column":null}},"6":{"start":{"line":21,"column":8},"end":{"line":21,"column":null}},"7":{"start":{"line":24,"column":2},"end":{"line":29,"column":null}},"8":{"start":{"line":25,"column":4},"end":{"line":28,"column":null}},"9":{"start":{"line":26,"column":6},"end":{"line":26,"column":null}},"10":{"start":{"line":27,"column":6},"end":{"line":27,"column":null}},"11":{"start":{"line":31,"column":8},"end":{"line":34,"column":null}},"12":{"start":{"line":32,"column":4},"end":{"line":32,"column":null}},"13":{"start":{"line":33,"column":4},"end":{"line":33,"column":null}},"14":{"start":{"line":36,"column":8},"end":{"line":39,"column":null}},"15":{"start":{"line":37,"column":4},"end":{"line":37,"column":null}},"16":{"start":{"line":38,"column":4},"end":{"line":38,"column":null}},"17":{"start":{"line":41,"column":8},"end":{"line":137,"column":null}},"18":{"start":{"line":42,"column":20},"end":{"line":42,"column":null}},"19":{"start":{"line":43,"column":4},"end":{"line":43,"column":null}},"20":{"start":{"line":43,"column":18},"end":{"line":43,"column":null}},"21":{"start":{"line":46,"column":4},"end":{"line":46,"column":null}},"22":{"start":{"line":47,"column":4},"end":{"line":47,"column":null}},"23":{"start":{"line":50,"column":33},"end":{"line":55,"column":null}},"24":{"start":{"line":58,"column":38},"end":{"line":64,"column":null}},"25":{"start":{"line":66,"column":4},"end":{"line":66,"column":null}},"26":{"start":{"line":66,"column":24},"end":{"line":66,"column":64}},"27":{"start":{"line":67,"column":4},"end":{"line":67,"column":null}},"28":{"start":{"line":68,"column":4},"end":{"line":68,"column":null}},"29":{"start":{"line":71,"column":4},"end":{"line":71,"column":null}},"30":{"start":{"line":72,"column":4},"end":{"line":72,"column":null}},"31":{"start":{"line":74,"column":24},"end":{"line":74,"column":null}},"32":{"start":{"line":75,"column":24},"end":{"line":77,"column":null}},"33":{"start":{"line":78,"column":4},"end":{"line":78,"column":null}},"34":{"start":{"line":80,"column":4},"end":{"line":82,"column":null}},"35":{"start":{"line":84,"column":4},"end":{"line":115,"column":null}},"36":{"start":{"line":85,"column":6},"end":{"line":85,"column":null}},"37":{"start":{"line":85,"column":28},"end":{"line":85,"column":null}},"38":{"start":{"line":87,"column":6},"end":{"line":114,"column":null}},"39":{"start":{"line":88,"column":31},"end":{"line":88,"column":null}},"40":{"start":{"line":90,"column":8},"end":{"line":98,"column":null}},"41":{"start":{"line":91,"column":10},"end":{"line":97,"column":null}},"42":{"start":{"line":92,"column":12},"end":{"line":96,"column":null}},"43":{"start":{"line":93,"column":14},"end":{"line":95,"column":null}},"44":{"start":{"line":100,"column":8},"end":{"line":111,"column":null}},"45":{"start":{"line":101,"column":10},"end":{"line":101,"column":null}},"46":{"start":{"line":102,"column":10},"end":{"line":102,"column":null}},"47":{"start":{"line":103,"column":10},"end":{"line":103,"column":null}},"48":{"start":{"line":104,"column":10},"end":{"line":110,"column":null}},"49":{"start":{"line":105,"column":12},"end":{"line":109,"column":null}},"50":{"start":{"line":106,"column":14},"end":{"line":108,"column":null}},"51":{"start":{"line":117,"column":4},"end":{"line":136,"column":null}},"52":{"start":{"line":118,"column":6},"end":{"line":118,"column":null}},"53":{"start":{"line":118,"column":28},"end":{"line":118,"column":null}},"54":{"start":{"line":120,"column":6},"end":{"line":120,"column":null}},"55":{"start":{"line":122,"column":6},"end":{"line":135,"column":null}},"56":{"start":{"line":123,"column":8},"end":{"line":123,"column":null}},"57":{"start":{"line":124,"column":8},"end":{"line":124,"column":null}},"58":{"start":{"line":127,"column":8},"end":{"line":133,"column":null}},"59":{"start":{"line":128,"column":10},"end":{"line":132,"column":null}},"60":{"start":{"line":129,"column":12},"end":{"line":131,"column":null}},"61":{"start":{"line":134,"column":8},"end":{"line":134,"column":null}},"62":{"start":{"line":139,"column":2},"end":{"line":145,"column":null}}},"fnMap":{"0":{"name":"useChat","decl":{"start":{"line":14,"column":16},"end":{"line":14,"column":41}},"loc":{"start":{"line":14,"column":41},"end":{"line":146,"column":null}},"line":14},"1":{"name":"(anonymous_1)","decl":{"start":{"line":24,"column":12},"end":{"line":24,"column":18}},"loc":{"start":{"line":24,"column":18},"end":{"line":29,"column":5}},"line":24},"2":{"name":"(anonymous_2)","decl":{"start":{"line":25,"column":11},"end":{"line":25,"column":17}},"loc":{"start":{"line":25,"column":17},"end":{"line":28,"column":null}},"line":25},"3":{"name":"(anonymous_3)","decl":{"start":{"line":31,"column":38},"end":{"line":31,"column":44}},"loc":{"start":{"line":31,"column":44},"end":{"line":34,"column":5}},"line":31},"4":{"name":"(anonymous_4)","decl":{"start":{"line":36,"column":33},"end":{"line":36,"column":39}},"loc":{"start":{"line":36,"column":39},"end":{"line":39,"column":5}},"line":36},"5":{"name":"(anonymous_5)","decl":{"start":{"line":41,"column":34},"end":{"line":41,"column":35}},"loc":{"start":{"line":41,"column":55},"end":{"line":137,"column":5}},"line":41},"6":{"name":"(anonymous_6)","decl":{"start":{"line":66,"column":16},"end":{"line":66,"column":24}},"loc":{"start":{"line":66,"column":24},"end":{"line":66,"column":64}},"line":66},"7":{"name":"(anonymous_7)","decl":{"start":{"line":80,"column":25},"end":{"line":80,"column":31}},"loc":{"start":{"line":80,"column":31},"end":{"line":82,"column":null}},"line":80},"8":{"name":"(anonymous_8)","decl":{"start":{"line":84,"column":28},"end":{"line":84,"column":29}},"loc":{"start":{"line":84,"column":39},"end":{"line":115,"column":null}},"line":84},"9":{"name":"(anonymous_9)","decl":{"start":{"line":91,"column":22},"end":{"line":91,"column":null}},"loc":{"start":{"line":92,"column":12},"end":{"line":96,"column":null}},"line":92},"10":{"name":"(anonymous_10)","decl":{"start":{"line":92,"column":21},"end":{"line":92,"column":null}},"loc":{"start":{"line":93,"column":14},"end":{"line":95,"column":null}},"line":93},"11":{"name":"(anonymous_11)","decl":{"start":{"line":104,"column":22},"end":{"line":104,"column":null}},"loc":{"start":{"line":105,"column":12},"end":{"line":109,"column":null}},"line":105},"12":{"name":"(anonymous_12)","decl":{"start":{"line":105,"column":21},"end":{"line":105,"column":null}},"loc":{"start":{"line":106,"column":14},"end":{"line":108,"column":null}},"line":106},"13":{"name":"(anonymous_13)","decl":{"start":{"line":117,"column":26},"end":{"line":117,"column":32}},"loc":{"start":{"line":117,"column":32},"end":{"line":136,"column":null}},"line":117},"14":{"name":"(anonymous_14)","decl":{"start":{"line":127,"column":20},"end":{"line":127,"column":null}},"loc":{"start":{"line":128,"column":10},"end":{"line":132,"column":null}},"line":128},"15":{"name":"(anonymous_15)","decl":{"start":{"line":128,"column":19},"end":{"line":128,"column":null}},"loc":{"start":{"line":129,"column":12},"end":{"line":131,"column":null}},"line":129}},"branchMap":{"0":{"loc":{"start":{"line":43,"column":4},"end":{"line":43,"column":null}},"type":"if","locations":[{"start":{"line":43,"column":4},"end":{"line":43,"column":null}},{"start":{},"end":{}}],"line":43},"1":{"loc":{"start":{"line":85,"column":6},"end":{"line":85,"column":null}},"type":"if","locations":[{"start":{"line":85,"column":6},"end":{"line":85,"column":null}},{"start":{},"end":{}}],"line":85},"2":{"loc":{"start":{"line":90,"column":8},"end":{"line":98,"column":null}},"type":"if","locations":[{"start":{"line":90,"column":8},"end":{"line":98,"column":null}},{"start":{},"end":{}}],"line":90},"3":{"loc":{"start":{"line":93,"column":14},"end":{"line":95,"column":null}},"type":"cond-expr","locations":[{"start":{"line":94,"column":18},"end":{"line":94,"column":null}},{"start":{"line":95,"column":18},"end":{"line":95,"column":null}}],"line":93},"4":{"loc":{"start":{"line":100,"column":8},"end":{"line":111,"column":null}},"type":"if","locations":[{"start":{"line":100,"column":8},"end":{"line":111,"column":null}},{"start":{},"end":{}}],"line":100},"5":{"loc":{"start":{"line":106,"column":14},"end":{"line":108,"column":null}},"type":"cond-expr","locations":[{"start":{"line":107,"column":18},"end":{"line":107,"column":null}},{"start":{"line":108,"column":18},"end":{"line":108,"column":null}}],"line":106},"6":{"loc":{"start":{"line":118,"column":6},"end":{"line":118,"column":null}},"type":"if","locations":[{"start":{"line":118,"column":6},"end":{"line":118,"column":null}},{"start":{},"end":{}}],"line":118},"7":{"loc":{"start":{"line":122,"column":6},"end":{"line":135,"column":null}},"type":"if","locations":[{"start":{"line":122,"column":6},"end":{"line":135,"column":null}},{"start":{},"end":{}}],"line":122},"8":{"loc":{"start":{"line":129,"column":12},"end":{"line":131,"column":null}},"type":"cond-expr","locations":[{"start":{"line":130,"column":16},"end":{"line":130,"column":null}},{"start":{"line":131,"column":16},"end":{"line":131,"column":null}}],"line":129},"9":{"loc":{"start":{"line":129,"column":12},"end":{"line":129,"column":null}},"type":"binary-expr","locations":[{"start":{"line":129,"column":12},"end":{"line":129,"column":38}},{"start":{"line":129,"column":38},"end":{"line":129,"column":null}}],"line":129}},"s":{"0":1,"1":43,"2":43,"3":43,"4":43,"5":43,"6":43,"7":43,"8":13,"9":13,"10":13,"11":43,"12":21,"13":21,"14":43,"15":1,"16":1,"17":43,"18":15,"19":15,"20":1,"21":14,"22":14,"23":14,"24":14,"25":14,"26":14,"27":14,"28":14,"29":14,"30":14,"31":14,"32":14,"33":14,"34":14,"35":14,"36":10,"37":0,"38":10,"39":10,"40":10,"41":8,"42":8,"43":16,"44":10,"45":2,"46":2,"47":2,"48":2,"49":2,"50":4,"51":14,"52":15,"53":0,"54":15,"55":15,"56":5,"57":5,"58":5,"59":5,"60":10,"61":5,"62":43},"f":{"0":43,"1":13,"2":13,"3":21,"4":1,"5":15,"6":14,"7":0,"8":10,"9":8,"10":16,"11":2,"12":4,"13":15,"14":5,"15":10},"b":{"0":[1,14],"1":[0,10],"2":[8,2],"3":[8,8],"4":[2,8],"5":[2,2],"6":[0,15],"7":[5,10],"8":[5,5],"9":[10,5]},"meta":{"lastBranch":10,"lastFunction":16,"lastStatement":63,"seen":{"s:12:20:12:Infinity":0,"f:14:16:14:41":0,"s:15:30:15:Infinity":1,"s:16:36:16:Infinity":2,"s:17:24:17:Infinity":3,"s:19:8:19:Infinity":4,"s:20:8:20:Infinity":5,"s:21:8:21:Infinity":6,"s:24:2:29:Infinity":7,"f:24:12:24:18":1,"s:25:4:28:Infinity":8,"f:25:11:25:17":2,"s:26:6:26:Infinity":9,"s:27:6:27:Infinity":10,"s:31:8:34:Infinity":11,"f:31:38:31:44":3,"s:32:4:32:Infinity":12,"s:33:4:33:Infinity":13,"s:36:8:39:Infinity":14,"f:36:33:36:39":4,"s:37:4:37:Infinity":15,"s:38:4:38:Infinity":16,"s:41:8:137:Infinity":17,"f:41:34:41:35":5,"s:42:20:42:Infinity":18,"b:43:4:43:Infinity:undefined:undefined:undefined:undefined":0,"s:43:4:43:Infinity":19,"s:43:18:43:Infinity":20,"s:46:4:46:Infinity":21,"s:47:4:47:Infinity":22,"s:50:33:55:Infinity":23,"s:58:38:64:Infinity":24,"s:66:4:66:Infinity":25,"f:66:16:66:24":6,"s:66:24:66:64":26,"s:67:4:67:Infinity":27,"s:68:4:68:Infinity":28,"s:71:4:71:Infinity":29,"s:72:4:72:Infinity":30,"s:74:24:74:Infinity":31,"s:75:24:77:Infinity":32,"s:78:4:78:Infinity":33,"s:80:4:82:Infinity":34,"f:80:25:80:31":7,"s:84:4:115:Infinity":35,"f:84:28:84:29":8,"b:85:6:85:Infinity:undefined:undefined:undefined:undefined":1,"s:85:6:85:Infinity":36,"s:85:28:85:Infinity":37,"s:87:6:114:Infinity":38,"s:88:31:88:Infinity":39,"b:90:8:98:Infinity:undefined:undefined:undefined:undefined":2,"s:90:8:98:Infinity":40,"s:91:10:97:Infinity":41,"f:91:22:91:Infinity":9,"s:92:12:96:Infinity":42,"f:92:21:92:Infinity":10,"s:93:14:95:Infinity":43,"b:94:18:94:Infinity:95:18:95:Infinity":3,"b:100:8:111:Infinity:undefined:undefined:undefined:undefined":4,"s:100:8:111:Infinity":44,"s:101:10:101:Infinity":45,"s:102:10:102:Infinity":46,"s:103:10:103:Infinity":47,"s:104:10:110:Infinity":48,"f:104:22:104:Infinity":11,"s:105:12:109:Infinity":49,"f:105:21:105:Infinity":12,"s:106:14:108:Infinity":50,"b:107:18:107:Infinity:108:18:108:Infinity":5,"s:117:4:136:Infinity":51,"f:117:26:117:32":13,"b:118:6:118:Infinity:undefined:undefined:undefined:undefined":6,"s:118:6:118:Infinity":52,"s:118:28:118:Infinity":53,"s:120:6:120:Infinity":54,"b:122:6:135:Infinity:undefined:undefined:undefined:undefined":7,"s:122:6:135:Infinity":55,"s:123:8:123:Infinity":56,"s:124:8:124:Infinity":57,"s:127:8:133:Infinity":58,"f:127:20:127:Infinity":14,"s:128:10:132:Infinity":59,"f:128:19:128:Infinity":15,"s:129:12:131:Infinity":60,"b:130:16:130:Infinity:131:16:131:Infinity":8,"b:129:12:129:38:129:38:129:Infinity":9,"s:134:8:134:Infinity":61,"s:139:2:145:Infinity":62}}}
,"/Users/malu/.local/share/opencode/worktree/df8de1a5bfa315d764f69c7a30aaff4203ec7937/nimble-planet/personal-assistant-client/src/lib/utils.ts": {"path":"/Users/malu/.local/share/opencode/worktree/df8de1a5bfa315d764f69c7a30aaff4203ec7937/nimble-planet/personal-assistant-client/src/lib/utils.ts","statementMap":{"0":{"start":{"line":5,"column":2},"end":{"line":5,"column":null}}},"fnMap":{"0":{"name":"cn","decl":{"start":{"line":4,"column":16},"end":{"line":4,"column":22}},"loc":{"start":{"line":4,"column":44},"end":{"line":6,"column":null}},"line":4}},"branchMap":{},"s":{"0":140},"f":{"0":140},"b":{},"meta":{"lastBranch":0,"lastFunction":1,"lastStatement":1,"seen":{"f:4:16:4:22":0,"s:5:2:5:Infinity":0}}}
}
